10:29:41 **** Build of configuration Default for project emu64 ****
ndk-build all 
Cannot run program "ndk-build": Unknown reason

Error: Program "ndk-build" not found in PATH
PATH=[/usr/local/bin:/usr/bin:/bin:/usr/bin/X11:/usr/X11R6/bin:/usr/games:/opt/kde3/bin]
10:29:50 **** Incremental Build of configuration Default for project emu64 ****
ndk-build all 
Cannot run program "ndk-build": Unknown reason

Error: Program "ndk-build" not found in PATH
PATH=[/usr/local/bin:/usr/bin:/bin:/usr/bin/X11:/usr/X11R6/bin:/usr/games:/opt/kde3/bin]
10:32:28 **** Incremental Build of configuration Default for project emu64 ****
/mnt/Daten3/Programme/android_dev/android-ndk-r9/ndk-build all 
Android NDK: WARNING: APP_PLATFORM android-18 is larger than android:minSdkVersion 9 in ./AndroidManifest.xml    
Compile++ thumb  : emu64 <= emu64.cpp
jni/emu64.cpp:16:61: fatal error: ../../../Emu64_Projekt/emu64/mos6581_8085_class.h: No such file or directory
compilation terminated.
make: *** [obj/local/armeabi/objs/emu64/emu64.o] Error 1
10:32:33 **** Incremental Build of configuration Default for project emu64 ****
/mnt/Daten3/Programme/android_dev/android-ndk-r9/ndk-build all 
Android NDK: WARNING: APP_PLATFORM android-18 is larger than android:minSdkVersion 9 in ./AndroidManifest.xml    
Compile++ thumb  : emu64 <= emu64.cpp
jni/emu64.cpp:16:61: fatal error: ../../../Emu64_Projekt/emu64/mos6581_8085_class.h: No such file or directory
compilation terminated.
make: *** [obj/local/armeabi/objs/emu64/emu64.o] Error 1
10:32:48 **** Incremental Build of configuration Default for project emu64 ****
/mnt/Daten3/Programme/android_dev/android-ndk-r9/ndk-build all 
Android NDK: WARNING: APP_PLATFORM android-18 is larger than android:minSdkVersion 9 in ./AndroidManifest.xml    
Compile++ thumb  : emu64 <= emu64.cpp
jni/emu64.cpp: In function 'void Java_de_kattisoft_emu64_NativeClass_Init(JNIEnv*, jobject)':
jni/emu64.cpp:56:61: warning: deprecated conversion from string constant to 'char*' [-Wwrite-strings]
Compile++ thumb  : emu64 <= asset_texture_class.cpp
Compile++ thumb  : emu64 <= text_box_class.cpp
Compile++ thumb  : emu64 <= dsp.cpp
SharedLibrary  : libemu64.so
Install        : libemu64.so => libs/armeabi/libemu64.so
10:35:02 **** Incremental Build of configuration Default for project emu64 ****
/mnt/Daten3/Programme/android_dev/android-ndk-r9/ndk-build all 
Android NDK: WARNING: APP_PLATFORM android-18 is larger than android:minSdkVersion 9 in ./AndroidManifest.xml    
Install        : libemu64.so => libs/armeabi/libemu64.so
10:35:32 **** Clean-only build of configuration Default for project emu64 ****
/mnt/Daten3/Programme/android_dev/android-ndk-r9/ndk-build clean 
Android NDK: WARNING: APP_PLATFORM android-18 is larger than android:minSdkVersion 9 in ./AndroidManifest.xml    
Clean: emu64 [armeabi]
Clean: stdc++ [armeabi]
10:35:38 **** Build of configuration Default for project emu64 ****
/mnt/Daten3/Programme/android_dev/android-ndk-r9/ndk-build all 
Android NDK: WARNING: APP_PLATFORM android-18 is larger than android:minSdkVersion 9 in ./AndroidManifest.xml    
Compile++ thumb  : emu64 <= emu64.cpp
jni/emu64.cpp: In function 'void Java_de_kattisoft_emu64_NativeClass_Init(JNIEnv*, jobject)':
jni/emu64.cpp:56:61: warning: deprecated conversion from string constant to 'char*' [-Wwrite-strings]
Compile++ thumb  : emu64 <= asset_texture_class.cpp
Compile++ thumb  : emu64 <= text_box_class.cpp
Compile++ thumb  : emu64 <= dsp.cpp
StaticLibrary  : libstdc++.a
SharedLibrary  : libemu64.so
Install        : libemu64.so => libs/armeabi/libemu64.so
10:43:15 **** Incremental Build of configuration Default for project emu64 ****
/mnt/Daten3/Programme/android_dev/android-ndk-r9/ndk-build all 
Android NDK: WARNING: APP_PLATFORM android-18 is larger than android:minSdkVersion 9 in ./AndroidManifest.xml    
Install        : libemu64.so => libs/armeabi/libemu64.so
10:43:53 **** Incremental Build of configuration Default for project emu64 ****
/mnt/Daten3/Programme/android_dev/android-ndk-r9/ndk-build all 
Android NDK: WARNING: APP_PLATFORM android-18 is larger than android:minSdkVersion 9 in ./AndroidManifest.xml    
Install        : libemu64.so => libs/armeabi/libemu64.so
10:44:24 **** Incremental Build of configuration Default for project emu64 ****
/mnt/Daten3/Programme/android_dev/android-ndk-r9/ndk-build all 
Android NDK: WARNING: APP_PLATFORM android-18 is larger than android:minSdkVersion 9 in ./AndroidManifest.xml    
Install        : libemu64.so => libs/armeabi/libemu64.so
10:44:55 **** Incremental Build of configuration Default for project emu64 ****
/mnt/Daten3/Programme/android_dev/android-ndk-r9/ndk-build all 
Android NDK: WARNING: APP_PLATFORM android-18 is larger than android:minSdkVersion 9 in ./AndroidManifest.xml    
Install        : libemu64.so => libs/armeabi/libemu64.so
10:45:01 **** Incremental Build of configuration Default for project emu64 ****
/mnt/Daten3/Programme/android_dev/android-ndk-r9/ndk-build all 
Android NDK: WARNING: APP_PLATFORM android-18 is larger than android:minSdkVersion 9 in ./AndroidManifest.xml    
Install        : libemu64.so => libs/armeabi/libemu64.so
10:45:06 **** Incremental Build of configuration Default for project emu64 ****
/mnt/Daten3/Programme/android_dev/android-ndk-r9/ndk-build all 
Android NDK: WARNING: APP_PLATFORM android-18 is larger than android:minSdkVersion 9 in ./AndroidManifest.xml    
Install        : libemu64.so => libs/armeabi/libemu64.so
